==4948== Helgrind, a thread error detector
==4948== Copyright (C) 2007-2017, and GNU GPL'd, by OpenWorks LLP et al.
==4948== Using Valgrind-3.15.0 and LibVEX; rerun with -h for copyright info
==4948== Command: ./bin/kernel.out
==4948== Parent PID: 4947
==4948== 
==4948== ---Thread-Announcement------------------------------------------
==4948== 
==4948== Thread #1 is the program's root thread
==4948== 
==4948== ---Thread-Announcement------------------------------------------
==4948== 
==4948== Thread #2 was created
==4948==    at 0x49AB152: clone (clone.S:71)
==4948==    by 0x48702EB: create_thread (createthread.c:101)
==4948==    by 0x4871E0F: pthread_create@@GLIBC_2.2.5 (pthread_create.c:817)
==4948==    by 0x4842917: ??? (in /usr/lib/x86_64-linux-gnu/valgrind/vgpreload_helgrind-amd64-linux.so)
==4948==    by 0x109600: conexion (conexion.c:18)
==4948==    by 0x109904: main (main.c:9)
==4948== 
==4948== ----------------------------------------------------------------
==4948== 
==4948== Possible data race during write of size 4 at 0x1FFEFFFFD8 by thread #1
==4948== Locks held: none
==4948==    at 0x1095C0: conexion (conexion.c:13)
==4948==    by 0x109904: main (main.c:9)
==4948== 
==4948== This conflicts with a previous read of size 4 by thread #2
==4948== Locks held: none
==4948==    at 0x109626: gestionar_comunicacion_con_proceso (conexion.c:25)
==4948==    by 0x4842B1A: ??? (in /usr/lib/x86_64-linux-gnu/valgrind/vgpreload_helgrind-amd64-linux.so)
==4948==    by 0x4871608: start_thread (pthread_create.c:477)
==4948==    by 0x49AB162: clone (clone.S:95)
==4948==  Address 0x1ffeffffd8 is on thread #1's stack
==4948==  in frame #0, created by conexion (conexion.c:4)
==4948== 
==4948== 
==4948== Process terminating with default action of signal 2 (SIGINT)
==4948==    at 0x487C49F: accept (accept.c:26)
==4948==    by 0x109CCA: esperar_cliente (serverutils.c:43)
==4948==    by 0x1095D1: conexion (conexion.c:14)
==4948==    by 0x109904: main (main.c:9)
==4948== 
==4948== Use --history-level=approx or =none to gain increased speed, at
==4948== the cost of reduced accuracy of conflicting-access information
==4948== For lists of detected and suppressed errors, rerun with: -s
==4948== ERROR SUMMARY: 2 errors from 1 contexts (suppressed: 74 from 38)
