==22634== Memcheck, a memory error detector
==22634== Copyright (C) 2002-2017, and GNU GPL'd, by Julian Seward et al.
==22634== Using Valgrind-3.15.0 and LibVEX; rerun with -h for copyright info
==22634== Command: ./bin/kernel.out
==22634== Parent PID: 22633
==22634== 
==22634== 
==22634== HEAP SUMMARY:
==22634==     in use at exit: 871 bytes in 11 blocks
==22634==   total heap usage: 159 allocs, 148 frees, 12,545 bytes allocated
==22634== 
==22634== 272 bytes in 1 blocks are possibly lost in loss record 10 of 11
==22634==    at 0x483DD99: calloc (in /usr/lib/x86_64-linux-gnu/valgrind/vgpreload_memcheck-amd64-linux.so)
==22634==    by 0x40149CA: allocate_dtv (dl-tls.c:286)
==22634==    by 0x40149CA: _dl_allocate_tls (dl-tls.c:532)
==22634==    by 0x486C322: allocate_stack (allocatestack.c:622)
==22634==    by 0x486C322: pthread_create@@GLIBC_2.2.5 (pthread_create.c:660)
==22634==    by 0x10B183: inicializar_plani_largo_plazo (plani_largo_plazo.c:7)
==22634==    by 0x10AC9B: main (main.c:12)
==22634== 
==22634== LEAK SUMMARY:
==22634==    definitely lost: 0 bytes in 0 blocks
==22634==    indirectly lost: 0 bytes in 0 blocks
==22634==      possibly lost: 272 bytes in 1 blocks
==22634==    still reachable: 599 bytes in 10 blocks
==22634==         suppressed: 0 bytes in 0 blocks
==22634== Reachable blocks (those to which a pointer was found) are not shown.
==22634== To see them, rerun with: --leak-check=full --show-leak-kinds=all
==22634== 
==22634== For lists of detected and suppressed errors, rerun with: -s
==22634== ERROR SUMMARY: 1 errors from 1 contexts (suppressed: 0 from 0)
